<?xml version="1.0" encoding="UTF-8"?>
<!-- Generated by org.testng.reporters.JUnitXMLReporter -->
<testsuite hostname="DESKTOP-1L1LM8K" ignored="0" name="Test" tests="1" failures="1" timestamp="14 Sep 2021 04:08:11 GMT" time="3.987" errors="0">
  <testcase name="testClass2" time="0.0" classname="org.adactin.TestMaven">
    <failure type="org.testng.TestNGException" message="
Cannot inject @Test annotated Method [testClass2] with [class java.lang.String, class java.lang.String].
For more information on native dependency injection please refer to http://testng.org/doc/documentation-main.html#native-dependency-injection">
      <![CDATA[org.testng.TestNGException: 
Cannot inject @Test annotated Method [testClass2] with [class java.lang.String, class java.lang.String].
For more information on native dependency injection please refer to http://testng.org/doc/documentation-main.html#native-dependency-injection
... Removed 24 stack frames]]>
    </failure>
  </testcase> <!-- testClass2 -->
</testsuite> <!-- Test -->
