<?xml version="1.0" encoding="UTF-8"?>
<testng-results skipped="0" failed="1" ignored="0" total="4" passed="3">
  <reporter-output>
  </reporter-output>
  <suite name="Default suite" duration-ms="253979" started-at="2021-10-03T09:10:54Z" finished-at="2021-10-03T09:15:08Z">
    <groups>
    </groups>
    <test name="Default test" duration-ms="253979" started-at="2021-10-03T09:10:54Z" finished-at="2021-10-03T09:15:08Z">
      <class name="org.adactin.TestCases">
        <test-method status="PASS" signature="browserLaunch()[pri:0, instance:org.adactin.TestCases@4dfa3a9d]" name="browserLaunch" is-config="true" duration-ms="51899" started-at="2021-10-03T09:10:54Z" finished-at="2021-10-03T09:11:46Z">
          <reporter-output>
          </reporter-output>
        </test-method> <!-- browserLaunch -->
        <test-method status="FAIL" signature="dateSelectCheck()[pri:-3, instance:org.adactin.TestCases@4dfa3a9d]" name="dateSelectCheck" duration-ms="4324" started-at="2021-10-03T09:11:46Z" finished-at="2021-10-03T09:11:51Z">
          <exception class="org.openqa.selenium.StaleElementReferenceException">
            <message>
              <![CDATA[stale element reference: element is not attached to the page document
  (Session info: chrome=94.0.4606.61)
For documentation on this error, please visit: https://www.seleniumhq.org/exceptions/stale_element_reference.html
Build info: version: '3.141.59', revision: 'e82be7d358', time: '2018-11-14T08:17:03'
System info: host: 'DESKTOP-1L1LM8K', ip: '192.168.0.102', os.name: 'Windows 10', os.arch: 'amd64', os.version: '10.0', java.version: '1.8.0_291'
Driver info: org.openqa.selenium.chrome.ChromeDriver
Capabilities {acceptInsecureCerts: false, browserName: chrome, browserVersion: 94.0.4606.61, chrome: {chromedriverVersion: 94.0.4606.61 (418b78f5838ed..., userDataDir: C:\Users\Senthil\AppData\Lo...}, goog:chromeOptions: {debuggerAddress: localhost:52033}, javascriptEnabled: true, networkConnectionEnabled: false, pageLoadStrategy: normal, platform: WINDOWS, platformName: WINDOWS, proxy: Proxy(), setWindowRect: true, strictFileInteractability: false, timeouts: {implicit: 0, pageLoad: 300000, script: 30000}, unhandledPromptBehavior: dismiss and notify, webauthn:extension:credBlob: true, webauthn:extension:largeBlob: true, webauthn:virtualAuthenticators: true}
Session ID: 820889500f237bb61344072224a5c21e]]>
            </message>
            <full-stacktrace>
              <![CDATA[org.openqa.selenium.StaleElementReferenceException: stale element reference: element is not attached to the page document
  (Session info: chrome=94.0.4606.61)
For documentation on this error, please visit: https://www.seleniumhq.org/exceptions/stale_element_reference.html
Build info: version: '3.141.59', revision: 'e82be7d358', time: '2018-11-14T08:17:03'
System info: host: 'DESKTOP-1L1LM8K', ip: '192.168.0.102', os.name: 'Windows 10', os.arch: 'amd64', os.version: '10.0', java.version: '1.8.0_291'
Driver info: org.openqa.selenium.chrome.ChromeDriver
Capabilities {acceptInsecureCerts: false, browserName: chrome, browserVersion: 94.0.4606.61, chrome: {chromedriverVersion: 94.0.4606.61 (418b78f5838ed..., userDataDir: C:\Users\Senthil\AppData\Lo...}, goog:chromeOptions: {debuggerAddress: localhost:52033}, javascriptEnabled: true, networkConnectionEnabled: false, pageLoadStrategy: normal, platform: WINDOWS, platformName: WINDOWS, proxy: Proxy(), setWindowRect: true, strictFileInteractability: false, timeouts: {implicit: 0, pageLoad: 300000, script: 30000}, unhandledPromptBehavior: dismiss and notify, webauthn:extension:credBlob: true, webauthn:extension:largeBlob: true, webauthn:virtualAuthenticators: true}
Session ID: 820889500f237bb61344072224a5c21e
at sun.reflect.NativeConstructorAccessorImpl.newInstance0(Native Method)
at sun.reflect.NativeConstructorAccessorImpl.newInstance(Unknown Source)
at sun.reflect.DelegatingConstructorAccessorImpl.newInstance(Unknown Source)
at java.lang.reflect.Constructor.newInstance(Unknown Source)
at org.openqa.selenium.remote.http.W3CHttpResponseCodec.createException(W3CHttpResponseCodec.java:187)
at org.openqa.selenium.remote.http.W3CHttpResponseCodec.decode(W3CHttpResponseCodec.java:122)
at org.openqa.selenium.remote.http.W3CHttpResponseCodec.decode(W3CHttpResponseCodec.java:49)
at org.openqa.selenium.remote.HttpCommandExecutor.execute(HttpCommandExecutor.java:158)
at org.openqa.selenium.remote.service.DriverCommandExecutor.execute(DriverCommandExecutor.java:83)
at org.openqa.selenium.remote.RemoteWebDriver.execute(RemoteWebDriver.java:552)
at org.openqa.selenium.remote.RemoteWebElement.execute(RemoteWebElement.java:285)
at org.openqa.selenium.remote.RemoteWebElement.click(RemoteWebElement.java:84)
at org.adactin.TestCases.dateSelectCheck(TestCases.java:116)
at sun.reflect.NativeMethodAccessorImpl.invoke0(Native Method)
at sun.reflect.NativeMethodAccessorImpl.invoke(Unknown Source)
at sun.reflect.DelegatingMethodAccessorImpl.invoke(Unknown Source)
at java.lang.reflect.Method.invoke(Unknown Source)
at org.testng.internal.MethodInvocationHelper.invokeMethod(MethodInvocationHelper.java:124)
at org.testng.internal.Invoker.invokeMethod(Invoker.java:583)
at org.testng.internal.Invoker.invokeTestMethod(Invoker.java:719)
at org.testng.internal.Invoker.invokeTestMethods(Invoker.java:989)
at org.testng.internal.TestMethodWorker.invokeTestMethods(TestMethodWorker.java:125)
at org.testng.internal.TestMethodWorker.run(TestMethodWorker.java:109)
at org.testng.TestRunner.privateRun(TestRunner.java:648)
at org.testng.TestRunner.run(TestRunner.java:505)
at org.testng.SuiteRunner.runTest(SuiteRunner.java:455)
at org.testng.SuiteRunner.runSequentially(SuiteRunner.java:450)
at org.testng.SuiteRunner.privateRun(SuiteRunner.java:415)
at org.testng.SuiteRunner.run(SuiteRunner.java:364)
at org.testng.SuiteRunnerWorker.runSuite(SuiteRunnerWorker.java:52)
at org.testng.SuiteRunnerWorker.run(SuiteRunnerWorker.java:84)
at org.testng.TestNG.runSuitesSequentially(TestNG.java:1208)
at org.testng.TestNG.runSuitesLocally(TestNG.java:1137)
at org.testng.TestNG.runSuites(TestNG.java:1049)
at org.testng.TestNG.run(TestNG.java:1017)
at org.testng.remote.AbstractRemoteTestNG.run(AbstractRemoteTestNG.java:132)
at org.testng.remote.RemoteTestNG.initAndRun(RemoteTestNG.java:236)
at org.testng.remote.RemoteTestNG.main(RemoteTestNG.java:81)
]]>
            </full-stacktrace>
          </exception> <!-- org.openqa.selenium.StaleElementReferenceException -->
          <reporter-output>
          </reporter-output>
        </test-method> <!-- dateSelectCheck -->
        <test-method status="PASS" signature="browserClose()[pri:0, instance:org.adactin.TestCases@4dfa3a9d]" name="browserClose" is-config="true" duration-ms="1" started-at="2021-10-03T09:11:51Z" finished-at="2021-10-03T09:11:51Z">
          <reporter-output>
          </reporter-output>
        </test-method> <!-- browserClose -->
        <test-method status="PASS" signature="browserLaunch()[pri:0, instance:org.adactin.TestCases@4dfa3a9d]" name="browserLaunch" is-config="true" duration-ms="33601" started-at="2021-10-03T09:11:51Z" finished-at="2021-10-03T09:12:25Z">
          <reporter-output>
          </reporter-output>
        </test-method> <!-- browserLaunch -->
        <test-method status="PASS" signature="sourceSelectCheck()[pri:-2, instance:org.adactin.TestCases@4dfa3a9d]" name="sourceSelectCheck" duration-ms="3625" started-at="2021-10-03T09:12:25Z" finished-at="2021-10-03T09:12:28Z">
          <reporter-output>
          </reporter-output>
        </test-method> <!-- sourceSelectCheck -->
        <test-method status="PASS" signature="browserClose()[pri:0, instance:org.adactin.TestCases@4dfa3a9d]" name="browserClose" is-config="true" duration-ms="2" started-at="2021-10-03T09:12:28Z" finished-at="2021-10-03T09:12:28Z">
          <reporter-output>
          </reporter-output>
        </test-method> <!-- browserClose -->
        <test-method status="PASS" signature="browserLaunch()[pri:0, instance:org.adactin.TestCases@4dfa3a9d]" name="browserLaunch" is-config="true" duration-ms="60512" started-at="2021-10-03T09:12:28Z" finished-at="2021-10-03T09:13:29Z">
          <reporter-output>
          </reporter-output>
        </test-method> <!-- browserLaunch -->
        <test-method status="PASS" signature="sourceCheck()[pri:0, instance:org.adactin.TestCases@4dfa3a9d]" name="sourceCheck" duration-ms="5978" started-at="2021-10-03T09:13:29Z" finished-at="2021-10-03T09:13:35Z">
          <reporter-output>
          </reporter-output>
        </test-method> <!-- sourceCheck -->
        <test-method status="PASS" signature="browserClose()[pri:0, instance:org.adactin.TestCases@4dfa3a9d]" name="browserClose" is-config="true" duration-ms="0" started-at="2021-10-03T09:13:35Z" finished-at="2021-10-03T09:13:35Z">
          <reporter-output>
          </reporter-output>
        </test-method> <!-- browserClose -->
        <test-method status="PASS" signature="browserLaunch()[pri:0, instance:org.adactin.TestCases@4dfa3a9d]" name="browserLaunch" is-config="true" duration-ms="54010" started-at="2021-10-03T09:13:35Z" finished-at="2021-10-03T09:14:29Z">
          <reporter-output>
          </reporter-output>
        </test-method> <!-- browserLaunch -->
        <test-method status="PASS" signature="destinationCheck()[pri:1, instance:org.adactin.TestCases@4dfa3a9d]" name="destinationCheck" duration-ms="39253" started-at="2021-10-03T09:14:29Z" finished-at="2021-10-03T09:15:08Z">
          <reporter-output>
          </reporter-output>
        </test-method> <!-- destinationCheck -->
        <test-method status="PASS" signature="browserClose()[pri:0, instance:org.adactin.TestCases@4dfa3a9d]" name="browserClose" is-config="true" duration-ms="0" started-at="2021-10-03T09:15:08Z" finished-at="2021-10-03T09:15:08Z">
          <reporter-output>
          </reporter-output>
        </test-method> <!-- browserClose -->
      </class> <!-- org.adactin.TestCases -->
    </test> <!-- Default test -->
  </suite> <!-- Default suite -->
</testng-results>
